<?xml version="1.0" encoding="UTF-8"?>
<!-- Generated by org.testng.reporters.JUnitReportReporter -->
<testsuite hostname="LENOVO-PC" name="reports.Demo1" tests="1" failures="0" timestamp="10 Oct 2017 15:42:35 GMT" time="67.934" errors="0">
  <testcase name="verifyTitle" time="67.934" classname="reports.Demo1"/>
</testsuite> <!-- reports.Demo1 -->
